<?xml version="1.0" encoding="UTF-8"?>
<!-- Generated by org.testng.reporters.JUnitReportReporter -->
<testsuite hostname="Prateek" failures="0" tests="1" name="campaign.CreateCampaignTest" time="50.000" errors="0" timestamp="2023-07-12T19:54:33 IST" skipped="0">
  <testcase classname="campaign.CreateCampaignTest" name="createCampaignTest" time="50.000"/>
  <system-out/>
</testsuite> <!-- campaign.CreateCampaignTest -->
