<?xml version="1.0" encoding="UTF-8"?>
<!-- Generated by org.testng.reporters.JUnitReportReporter -->
<testsuite hostname="Prateek" failures="0" tests="1" name="BaseClass_Implementation.CreateCampWithProduct" time="60.416" errors="0" timestamp="2023-07-06T17:33:44 IST" skipped="0">
  <testcase classname="BaseClass_Implementation.CreateCampWithProduct" name="createCampaignWithProductTest" time="60.416"/>
  <system-out/>
</testsuite> <!-- BaseClass_Implementation.CreateCampWithProduct -->
