<?xml version="1.0" encoding="UTF-8"?>
<!-- Generated by org.testng.reporters.JUnitReportReporter -->
<testsuite hostname="Prateek" failures="0" tests="1" name="PracticeTestNG.TestNGExample" time="0.080" errors="0" timestamp="2023-06-27T09:04:26 IST" skipped="0">
  <testcase classname="PracticeTestNG.TestNGExample" name="creteContact" time="0.080"/>
  <system-out/>
</testsuite> <!-- PracticeTestNG.TestNGExample -->
