<?xml version="1.0" encoding="UTF-8"?>
<!-- Generated by org.testng.reporters.JUnitReportReporter -->
<testsuite hostname="Prateek" failures="0" tests="1" name="campaign.CreateCampWithProduct" time="101.429" errors="0" timestamp="2023-07-11T14:51:13 IST" skipped="0">
  <testcase classname="campaign.CreateCampWithProduct" name="createCampaignWithProductTest" time="101.429"/>
  <system-out/>
</testsuite> <!-- campaign.CreateCampWithProduct -->
