<?xml version="1.0" encoding="UTF-8"?>
<!-- Generated by org.testng.reporters.JUnitReportReporter -->
<testsuite hostname="Prateek" failures="0" tests="1" name="BaseClass_Implementation.CreateOrganizationTest" time="94.337" errors="0" timestamp="2023-07-04T16:05:28 IST" skipped="0">
  <testcase classname="BaseClass_Implementation.CreateOrganizationTest" name="createOrganizationTest" time="94.337"/>
  <system-out/>
</testsuite> <!-- BaseClass_Implementation.CreateOrganizationTest -->
