<?xml version="1.0" encoding="UTF-8"?>
<!-- Generated by org.testng.reporters.JUnitReportReporter -->
<testsuite hostname="Prateek" failures="0" tests="1" name="BaseClass_Implementation.CreateCampaignTest" time="52.522" errors="0" timestamp="2023-07-04T17:14:45 IST" skipped="0">
  <testcase classname="BaseClass_Implementation.CreateCampaignTest" name="createCampaignTest" time="52.522"/>
  <system-out/>
</testsuite> <!-- BaseClass_Implementation.CreateCampaignTest -->
